<?xml version="1.0" encoding="UTF-8"?>
<!-- Generated by org.testng.reporters.JUnitReportReporter -->
<testsuite hostname="RonsLaptop" failures="0" tests="4" name="tests.log_test" time="1.005" errors="0" timestamp="2022-07-05T17:32:44 IDT" skipped="0">
  <testcase classname="tests.log_test" name="password_only" time="0.157"/>
  <system-out/>
  <testcase classname="tests.log_test" name="wrong_data" time="0.129"/>
  <system-out/>
  <testcase classname="tests.log_test" name="correct_information" time="0.600"/>
  <system-out/>
  <testcase classname="tests.log_test" name="wrong_data" time="0.119"/>
  <system-out/>
</testsuite> <!-- tests.log_test -->
