<?xml version="1.0" encoding="UTF-8"?>
<!-- Generated by org.testng.reporters.JUnitReportReporter -->
<testsuite hostname="RonsLaptop" failures="0" tests="18" name="tests.lnk_test" time="99.761" errors="0" timestamp="2022-07-06T18:19:52 IDT" skipped="0">
  <testcase classname="tests.lnk_test" name="main_link" time="0.533"/>
  <system-out/>
  <testcase classname="tests.lnk_test" name="main_link" time="0.517"/>
  <system-out/>
  <testcase classname="tests.lnk_test" name="quick_link" time="0.925"/>
  <system-out/>
  <testcase classname="tests.lnk_test" name="quick_link" time="0.941"/>
  <system-out/>
  <testcase classname="tests.lnk_test" name="sidebar_link" time="0.455"/>
  <system-out/>
  <testcase classname="tests.lnk_test" name="quick_link" time="0.733"/>
  <system-out/>
  <testcase classname="tests.lnk_test" name="sidebar_link" time="0.493"/>
  <system-out/>
  <testcase classname="tests.lnk_test" name="quick_link" time="0.640"/>
  <system-out/>
  <testcase classname="tests.lnk_test" name="sidebar_link" time="30.125"/>
  <system-out/>
  <testcase classname="tests.lnk_test" name="sidebar_link" time="0.696"/>
  <system-out/>
  <testcase classname="tests.lnk_test" name="main_link" time="0.481"/>
  <system-out/>
  <testcase classname="tests.lnk_test" name="sidebar_link" time="0.504"/>
  <system-out/>
  <testcase classname="tests.lnk_test" name="sidebar_link" time="0.563"/>
  <system-out/>
  <testcase classname="tests.lnk_test" name="main_link" time="30.230"/>
  <system-out/>
  <testcase classname="tests.lnk_test" name="quick_link" time="0.505"/>
  <system-out/>
  <testcase classname="tests.lnk_test" name="main_link" time="0.666"/>
  <system-out/>
  <testcase classname="tests.lnk_test" name="main_link" time="0.543"/>
  <system-out/>
  <testcase classname="tests.lnk_test" name="quick_link" time="30.211"/>
  <system-out/>
</testsuite> <!-- tests.lnk_test -->
