<?xml version="1.0" encoding="UTF-8"?>
<!-- Generated by org.testng.reporters.JUnitReportReporter -->
<testsuite hostname="RonsLaptop" failures="0" tests="4" name="tests.log_test" time="12.906" errors="0" timestamp="2022-05-24T13:44:11 IDT" skipped="0">
  <testcase classname="tests.log_test" name="correct_information" time="1.065"/>
  <system-out/>
  <testcase classname="tests.log_test" name="password_only" time="10.517"/>
  <system-out/>
  <testcase classname="tests.log_test" name="wrong_data" time="0.846"/>
  <system-out/>
  <testcase classname="tests.log_test" name="wrong_data" time="0.478"/>
  <system-out/>
</testsuite> <!-- tests.log_test -->
