<?xml version="1.0" encoding="UTF-8"?>
<!-- Generated by org.testng.reporters.JUnitReportReporter -->
<testsuite hostname="RonsLaptop" failures="0" tests="18" name="tests.lnk_test" time="37.943" errors="0" timestamp="2022-05-24T14:27:55 IDT" skipped="0">
  <testcase classname="tests.lnk_test" name="main_link" time="0.491"/>
  <system-out/>
  <testcase classname="tests.lnk_test" name="quick_link" time="10.540"/>
  <system-out/>
  <testcase classname="tests.lnk_test" name="quick_link" time="0.465"/>
  <system-out/>
  <testcase classname="tests.lnk_test" name="sidebar_link" time="0.432"/>
  <system-out/>
  <testcase classname="tests.lnk_test" name="sidebar_link" time="0.462"/>
  <system-out/>
  <testcase classname="tests.lnk_test" name="main_link" time="0.471"/>
  <system-out/>
  <testcase classname="tests.lnk_test" name="main_link" time="0.481"/>
  <system-out/>
  <testcase classname="tests.lnk_test" name="quick_link" time="0.439"/>
  <system-out/>
  <testcase classname="tests.lnk_test" name="sidebar_link" time="0.453"/>
  <system-out/>
  <testcase classname="tests.lnk_test" name="quick_link" time="0.471"/>
  <system-out/>
  <testcase classname="tests.lnk_test" name="sidebar_link" time="10.186"/>
  <system-out/>
  <testcase classname="tests.lnk_test" name="main_link" time="10.182"/>
  <system-out/>
  <testcase classname="tests.lnk_test" name="sidebar_link" time="0.474"/>
  <system-out/>
  <testcase classname="tests.lnk_test" name="quick_link" time="0.468"/>
  <system-out/>
  <testcase classname="tests.lnk_test" name="main_link" time="0.559"/>
  <system-out/>
  <testcase classname="tests.lnk_test" name="main_link" time="0.476"/>
  <system-out/>
  <testcase classname="tests.lnk_test" name="sidebar_link" time="0.446"/>
  <system-out/>
  <testcase classname="tests.lnk_test" name="quick_link" time="0.447"/>
  <system-out/>
</testsuite> <!-- tests.lnk_test -->
